[dotenv@17.3.1] injecting env (18) from .env -- tip: ⚙️  load multiple .env files with { path: ['.env.local', '.env'] }
🚀 Starting publicBookingSlug backfill...
📦 Found 0 teams to update.
❌ Backfill failed: PrismaClientValidationError: 
Invalid `prisma.user.findMany()` invocation in
/Users/mokumar/Documents/personal-directory/chegg-scheduling-app/backend/src/scripts/backfill-slugs.ts:24:39

  21 }
  22 
  23 // 2. Backfill Coaches
→ 24 const coaches = await prisma.user.findMany({
       where: {
         role: "COACH",
         OR: [
           {
             publicBookingSlug: null
           },
           {
             publicBookingSlug: ""
           }
         ]
       }
     })

Argument `publicBookingSlug` is missing.
    at throwValidationException (/Users/mokumar/Documents/personal-directory/chegg-scheduling-app/backend/node_modules/@prisma/client/src/runtime/core/errorRendering/throwValidationException.ts:46:9)
    at Gr.handleRequestError (/Users/mokumar/Documents/personal-directory/chegg-scheduling-app/backend/node_modules/@prisma/client/src/runtime/RequestHandler.ts:211:7)
    at Gr.handleAndLogRequestError (/Users/mokumar/Documents/personal-directory/chegg-scheduling-app/backend/node_modules/@prisma/client/src/runtime/RequestHandler.ts:183:12)
    at Gr.request (/Users/mokumar/Documents/personal-directory/chegg-scheduling-app/backend/node_modules/@prisma/client/src/runtime/RequestHandler.ts:152:12)
    at processTicksAndRejections (node:internal/process/task_queues:105:5)
    at async a (/Users/mokumar/Documents/personal-directory/chegg-scheduling-app/backend/node_modules/@prisma/client/src/runtime/getPrismaClient.ts:938:24)
    at async backfill (/Users/mokumar/Documents/personal-directory/chegg-scheduling-app/backend/src/scripts/backfill-slugs.ts:24:21) {
  clientVersion: '7.5.0'
}
